<?xml version="1.0" encoding="UTF-8"?>
<!-- Generated by org.testng.reporters.JUnitReportReporter -->
<testsuite hostname="LAPTOP-07R9VU7F" failures="0" tests="12" name="com.naveenautomation.pageTests.AccountPageTest" time="128.075" errors="0" timestamp="2023-11-11T21:28:17 EST" skipped="0">
  <testcase classname="com.naveenautomation.pageTests.AccountPageTest" name="validateLoginWithMultipleCredentials" time="9.370"/>
  <testcase classname="com.naveenautomation.pageTests.AccountPageTest" name="validateProductReturnMessage" time="11.272"/>
  <testcase classname="com.naveenautomation.pageTests.AccountPageTest" name="validateUserCanUpdatePersonalInfo" time="11.558"/>
  <testcase classname="com.naveenautomation.pageTests.AccountPageTest" name="validateAccountDownloadsMessage" time="10.834"/>
  <testcase classname="com.naveenautomation.pageTests.AccountPageTest" name="validateUserCanSubscribeNewsLetter" time="11.456"/>
  <testcase classname="com.naveenautomation.pageTests.AccountPageTest" name="validateLoginWithMultipleCredentials" time="10.289"/>
  <testcase classname="com.naveenautomation.pageTests.AccountPageTest" name="validatePaymentsMessage" time="11.755"/>
  <testcase classname="com.naveenautomation.pageTests.AccountPageTest" name="validateUserCanLoginWithValidCredentials" time="9.785"/>
  <testcase classname="com.naveenautomation.pageTests.AccountPageTest" name="validateTransactionsPageMessage" time="10.881"/>
  <testcase classname="com.naveenautomation.pageTests.AccountPageTest" name="validateLoginWithMultipleCredentials" time="9.443"/>
  <testcase classname="com.naveenautomation.pageTests.AccountPageTest" name="validateWishListMessage" time="10.183"/>
  <testcase classname="com.naveenautomation.pageTests.AccountPageTest" name="validateUserCanChangePassword" time="11.249"/>
</testsuite> <!-- com.naveenautomation.pageTests.AccountPageTest -->
