<?xml version="1.0" encoding="UTF-8"?>
<!-- Generated by org.testng.reporters.JUnitReportReporter -->
<testsuite hostname="LAPTOP-07R9VU7F" failures="0" tests="2" name="com.naveenautomation.pageTests.LoginPageTest" time="10.068" errors="0" timestamp="2023-11-19T13:58:43 EST" skipped="0">
  <testcase classname="com.naveenautomation.pageTests.LoginPageTest" name="validateUserCanNotLoginWithInValidCredentials" time="4.725"/>
  <testcase classname="com.naveenautomation.pageTests.LoginPageTest" name="validateUserCanAccessFwdPwdWithValidCredentials" time="5.343"/>
</testsuite> <!-- com.naveenautomation.pageTests.LoginPageTest -->
