<?xml version="1.0" encoding="UTF-8"?>
<!-- Generated by org.testng.reporters.JUnitReportReporter -->
<testsuite hostname="LAPTOP-07R9VU7F" failures="0" tests="3" name="com.naveenautomation.pageTests.HomePageTest" time="43.910" errors="0" timestamp="2023-11-11T21:28:17 EST" skipped="0">
  <testcase classname="com.naveenautomation.pageTests.HomePageTest" name="validateCartMessage" time="12.779"/>
  <testcase classname="com.naveenautomation.pageTests.HomePageTest" name="validateContactUsEnquiryMessage" time="14.155"/>
  <testcase classname="com.naveenautomation.pageTests.HomePageTest" name="validateUserCanLogout" time="16.976"/>
</testsuite> <!-- com.naveenautomation.pageTests.HomePageTest -->
