<?xml version="1.0" encoding="UTF-8"?>
<!-- Generated by org.testng.reporters.JUnitReportReporter -->
<testsuite hostname="LAPTOP-07R9VU7F" failures="0" tests="1" name="com.naveenautomation.pageTests.ForgetPasswordTest" time="5.198" errors="0" timestamp="2023-11-19T13:58:43 EST" skipped="0">
  <testcase classname="com.naveenautomation.pageTests.ForgetPasswordTest" name="validateUserCannotChangePwdWithInValidCredentials" time="5.198"/>
</testsuite> <!-- com.naveenautomation.pageTests.ForgetPasswordTest -->
