<?xml version="1.0" encoding="UTF-8"?>
<!-- Generated by org.testng.reporters.JUnitReportReporter -->
<testsuite hostname="LAPTOP-07R9VU7F" failures="0" tests="2" name="com.naveenautomation.pageTests.LoginPageTest" time="19.274" errors="0" timestamp="2023-11-11T21:28:17 EST" skipped="0">
  <testcase classname="com.naveenautomation.pageTests.LoginPageTest" name="validateUserCanAccessFwdPwdWithValidCredentials" time="9.946"/>
  <testcase classname="com.naveenautomation.pageTests.LoginPageTest" name="validateUserCanNotLoginWithInValidCredentials" time="9.328"/>
</testsuite> <!-- com.naveenautomation.pageTests.LoginPageTest -->
